<?xml version="1.0" encoding="UTF-8"?>
<!-- Generated by org.testng.reporters.JUnitXMLReporter -->
<testsuite ignored="3" hostname="DESKTOP-OCHB2SA" failures="0" tests="1" name="Test" time="0.091" errors="0" timestamp="2023-03-26T17:28:33 IST">
  <testcase classname="TestScripts.TestNGGroups" name="test3" time="0.024"/>
  <testcase classname="TestScripts.TestNGGroups" name="test1" time="0.0">
    <ignored/>
  </testcase> <!-- test1 -->
  <testcase classname="TestScripts.TestNGGroups" name="test2" time="0.0">
    <ignored/>
  </testcase> <!-- test2 -->
  <testcase classname="TestScripts.TestNGGroups" name="test4" time="0.0">
    <ignored/>
  </testcase> <!-- test4 -->
</testsuite> <!-- Test -->
